<?xml version="1.0" encoding="UTF-8"?>
<!-- Generated by org.testng.reporters.JUnitXMLReporter -->
<testsuite hostname="MartinaBarbieri" ignored="0" name="Primo" tests="6" failures="0" timestamp="21 mag 2019 13:43:04 GMT" time="0.07" errors="0">
  <testcase name="@BeforeSuite ModuliDatiNotevoli" time="10010.905" classname="com.modulodatitest.ListaModuloDatiNotevoli">
    <failure type="org.openqa.selenium.TimeoutException" message="Expected condition failed: waiting for visibility of element located by By.cssSelector: [ng-click=&amp;apos;chooseSedia(sedia)&amp;apos;] (tried for 10000 second(s) with 500 milliseconds interval)">
      <![CDATA[org.openqa.selenium.TimeoutException: Expected condition failed: waiting for visibility of element located by By.cssSelector: [ng-click='chooseSedia(sedia)'] (tried for 10000 second(s) with 500 milliseconds interval)
at org.openqa.selenium.support.ui.WebDriverWait.timeoutException(WebDriverWait.java:95)
at org.openqa.selenium.support.ui.FluentWait.until(FluentWait.java:234)
at com.modulodatitest.LoginModuloDati.LoginModuloDatiNotevoli(LoginModuloDati.java:55)
at com.modulodatitest.ListaModuloDatiNotevoli.ModuliDatiNotevoli(ListaModuloDatiNotevoli.java:19)
Caused by: org.openqa.selenium.NoSuchWindowException: no such window: target window already closed
from unknown error: web view not found
  (Session info: chrome=74.0.3729.157)
  (Driver info: chromedriver=74.0.3729.6 (255758eccf3d244491b8a1317aa76e1ce10d57e9-refs/branch-heads/3729@{#29}),platform=Windows NT 10.0.17134 x86_64) (WARNING: The server did not provide any stacktrace information)
Command duration or timeout: 0 milliseconds
Build info: version: '4.0.0-alpha-1', revision: 'd1d3728cae', time: '2019-04-24T13:42:21'
System info: host: 'MARTINABARBIERI', ip: '192.168.56.1', os.name: 'Windows 10', os.arch: 'amd64', os.version: '10.0', java.version: '1.8.0_171'
Driver info: org.openqa.selenium.chrome.ChromeDriver
Capabilities {acceptInsecureCerts: false, acceptSslCerts: false, applicationCacheEnabled: false, browserConnectionEnabled: false, browserName: chrome, chrome: {chromedriverVersion: 74.0.3729.6 (255758eccf3d24..., userDataDir: ~/chromeTemp}, cssSelectorsEnabled: true, databaseEnabled: false, goog:chromeOptions: {debuggerAddress: localhost:58275}, handlesAlerts: true, hasTouchScreen: false, javascriptEnabled: true, locationContextEnabled: true, mobileEmulationEnabled: false, nativeEvents: true, networkConnectionEnabled: false, pageLoadStrategy: normal, platform: XP, platformName: XP, proxy: Proxy(), rotatable: false, setWindowRect: true, strictFileInteractability: false, takesHeapSnapshot: true, takesScreenshot: true, timeouts: {implicit: 0, pageLoad: 300000, script: 30000}, unexpectedAlertBehaviour: ignore, unhandledPromptBehavior: ignore, version: 74.0.3729.157, webStorageEnabled: true}
Session ID: 50f8de2a7e20702ee60a3856f88188bf
*** Element info: {Using=css selector, value=[ng-click='chooseSedia(sedia)']}
at org.openqa.selenium.remote.ErrorHandler.createThrowable(ErrorHandler.java:214)
at org.openqa.selenium.remote.ErrorHandler.throwIfResponseFailed(ErrorHandler.java:166)
at org.openqa.selenium.remote.codec.jwp.JsonHttpResponseCodec.reconstructValue(JsonHttpResponseCodec.java:41)
at org.openqa.selenium.remote.codec.AbstractHttpResponseCodec.decode(AbstractHttpResponseCodec.java:81)
at org.openqa.selenium.remote.codec.AbstractHttpResponseCodec.decode(AbstractHttpResponseCodec.java:45)
at org.openqa.selenium.remote.HttpCommandExecutor.execute(HttpCommandExecutor.java:161)
at org.openqa.selenium.remote.service.DriverCommandExecutor.execute(DriverCommandExecutor.java:83)
at org.openqa.selenium.remote.RemoteWebDriver.execute(RemoteWebDriver.java:577)
at org.openqa.selenium.remote.RemoteWebDriver.findElement(RemoteWebDriver.java:328)
at org.openqa.selenium.remote.RemoteWebDriver.findElementByCssSelector(RemoteWebDriver.java:436)
at org.openqa.selenium.By$ByCssSelector.findElement(By.java:431)
at org.openqa.selenium.remote.RemoteWebDriver.findElement(RemoteWebDriver.java:320)
at org.openqa.selenium.support.ui.ExpectedConditions$7.apply(ExpectedConditions.java:205)
at org.openqa.selenium.support.ui.ExpectedConditions$7.apply(ExpectedConditions.java:201)
at org.openqa.selenium.support.ui.FluentWait.until(FluentWait.java:211)
... 22 more
... Removed 23 stack frames]]>
    </failure>
  </testcase> <!-- @BeforeSuite ModuliDatiNotevoli -->
  <testcase name="AddModuli" time="0.0" classname="com.modulodatitest.ListaModuloDatiNotevoli">
    <skipped/>
  </testcase> <!-- AddModuli -->
  <testcase name="ChangeNameModulo" time="0.0" classname="com.modulodatitest.ListaModuloDatiNotevoli">
    <skipped/>
  </testcase> <!-- ChangeNameModulo -->
  <testcase name="SectionAdding" time="0.0" classname="com.modulodatitest.ListaModuloDatiNotevoli">
    <skipped/>
  </testcase> <!-- SectionAdding -->
  <testcase name="SectionRequisitoAdding" time="0.0" classname="com.modulodatitest.ListaModuloDatiNotevoli">
    <skipped/>
  </testcase> <!-- SectionRequisitoAdding -->
  <testcase name="UUTestoLiberoNumericoDomandaSemplice" time="0.0" classname="com.modulodatitest.ListaModuloDatiNotevoli">
    <skipped/>
  </testcase> <!-- UUTestoLiberoNumericoDomandaSemplice -->
  <testcase name="UploadFileDomandaSemplice" time="0.0" classname="com.modulodatitest.ListaModuloDatiNotevoli">
    <skipped/>
  </testcase> <!-- UploadFileDomandaSemplice -->
</testsuite> <!-- Primo -->
